[debug] [2018-12-31T03:54:56.977Z] ----------------------------------------------------------------------
[debug] [2018-12-31T03:54:56.979Z] Command:       /Users/samkilgus/.nvm/versions/node/v10.6.0/bin/node /Users/samkilgus/.nvm/versions/node/v10.6.0/bin/firebase serve
[debug] [2018-12-31T03:54:56.979Z] CLI Version:   6.2.2
[debug] [2018-12-31T03:54:56.980Z] Platform:      darwin
[debug] [2018-12-31T03:54:56.980Z] Node Version:  v10.6.0
[debug] [2018-12-31T03:54:56.980Z] Time:          Sun Dec 30 2018 22:54:56 GMT-0500 (Eastern Standard Time)
[debug] [2018-12-31T03:54:56.980Z] ----------------------------------------------------------------------
[debug] 
[debug] [2018-12-31T03:54:56.993Z] > command requires scopes: ["email","openid","https://www.googleapis.com/auth/cloudplatformprojects.readonly","https://www.googleapis.com/auth/firebase","https://www.googleapis.com/auth/cloud-platform"]
[debug] [2018-12-31T03:54:56.993Z] > authorizing via signed-in user
[debug] [2018-12-31T03:54:56.994Z] [iam] checking project gpuparticles-acdfd for permissions ["firebase.projects.get"]
[debug] [2018-12-31T03:54:56.995Z] > refreshing access token with scopes: ["email","https://www.googleapis.com/auth/cloud-platform","https://www.googleapis.com/auth/cloudplatformprojects.readonly","https://www.googleapis.com/auth/firebase","openid"]
[debug] [2018-12-31T03:54:56.996Z] >>> HTTP REQUEST POST https://www.googleapis.com/oauth2/v3/token  
 <request body omitted>
[debug] [2018-12-31T03:54:57.218Z] <<< HTTP RESPONSE 200
[debug] [2018-12-31T03:54:57.234Z] >>> HTTP REQUEST POST https://cloudresourcemanager.googleapis.com/v1/projects/gpuparticles-acdfd:testIamPermissions  

[debug] [2018-12-31T03:54:57.680Z] <<< HTTP RESPONSE 200
[debug] [2018-12-31T03:54:57.681Z] >>> HTTP REQUEST GET https://cloudresourcemanager.googleapis.com/v1/projects/gpuparticles-acdfd  
 
[debug] [2018-12-31T03:54:58.296Z] <<< HTTP RESPONSE 200
[info] 
[info] === Serving from '/Users/samkilgus/sync/personal_projects/coding/web/gpu_particles'...
[info] 
[debug] [2018-12-31T03:54:58.298Z] >>> HTTP REQUEST GET https://mobilesdk-pa.googleapis.com/v1/projects/916035458379/clients/_:getWebAppConfig  
 
[debug] [2018-12-31T03:54:58.887Z] <<< HTTP RESPONSE 200
[info] i  hosting: Serving hosting files from: public
[info] ✔  hosting: Local server: http://localhost:5000
